<?xml version="1.0" encoding="UTF-8"?>
<!-- Generated by org.testng.reporters.JUnitXMLReporter -->
<testsuite hostname="DESKTOP-T6HCSIM" ignored="0" name="Test" tests="3" failures="1" timestamp="2023-10-11T17:12:39 IST" time="24.088" errors="0">
  <testcase name="loginByEmail" time="0.072" classname="TestCases.LoginTest"/>
  <testcase name="loginByFacebook" time="0.006" classname="TestCases.LoginTest">
    <failure type="java.lang.AssertionError" message="expected [laxmi] but found [pavan]">
      <![CDATA[java.lang.AssertionError: expected [laxmi] but found [pavan]
at TestCases.LoginTest.loginByFacebook(LoginTest.java:37)
at java.util.ArrayList.forEach(ArrayList.java:1257)
... Removed 33 stack frames]]>
    </failure>
  </testcase> <!-- loginByFacebook -->
  <testcase name="loginTest" time="3.856" classname="TestCases.LoginTest"/>
</testsuite> <!-- Test -->
