<?xml version="1.0" encoding="UTF-8"?>
<testsuite xmlns:xsi="http://www.w3.org/2001/XMLSchema-instance" xsi:noNamespaceSchemaLocation="https://maven.apache.org/surefire/maven-surefire-plugin/xsd/surefire-test-report-3.0.xsd" version="3.0" name="TestSuite" time="26.759" tests="3" errors="0" skipped="0" failures="0">
  <properties>
[...]
</properties>
  <testcase name="loginByEmail" classname="TestCases.LoginTest" time="0.025">
    <system-out><![CDATA[Logged in by email
]]></system-out>
  </testcase>
  <testcase name="loginByFacebook" classname="TestCases.LoginTest" time="0.001">
    <system-out><![CDATA[Logged in by facebook
]]></system-out>
  </testcase>
  <testcase name="loginTest" classname="TestCases.LoginTest" time="2.453">
    <system-out><![CDATA[0 [main] INFO EBankingProject  - Started running logintest
508 [main] INFO EBankingProject  - Entered username
669 [main] INFO EBankingProject  - Entered password
2308 [main] INFO EBankingProject  - Clicked on login button
]]></system-out>
  </testcase>
</testsuite>