<?xml version="1.0" encoding="UTF-8"?>
<testng-results total="3" passed="3" failed="0" skipped="0">
  <reporter-output>
  </reporter-output>
  <suite started-at="2023-10-14T05:33:07Z" name="Suite" finished-at="2023-10-14T05:33:31Z" duration-ms="24012">
    <groups>
    </groups>
    <test started-at="2023-10-14T05:33:07Z" name="Test" finished-at="2023-10-14T05:33:31Z" duration-ms="24012">
      <class name="TestCases.LoginTest">
        <test-method is-config="true" signature="setUp()[pri:0, instance:TestCases.LoginTest@479ceda0]" started-at="2023-10-14T11:03:08Z" name="setUp" finished-at="2023-10-14T11:03:28Z" duration-ms="20204" status="PASS">
          <reporter-output>
          </reporter-output>
        </test-method> <!-- setUp -->
        <test-method signature="loginByEmail()[pri:0, instance:TestCases.LoginTest@479ceda0]" started-at="2023-10-14T11:03:28Z" name="loginByEmail" finished-at="2023-10-14T11:03:28Z" duration-ms="10" status="PASS">
          <reporter-output>
          </reporter-output>
        </test-method> <!-- loginByEmail -->
        <test-method signature="loginByFacebook()[pri:0, instance:TestCases.LoginTest@479ceda0]" started-at="2023-10-14T11:03:28Z" name="loginByFacebook" finished-at="2023-10-14T11:03:28Z" duration-ms="3" status="PASS">
          <reporter-output>
          </reporter-output>
        </test-method> <!-- loginByFacebook -->
        <test-method signature="loginTest()[pri:0, instance:TestCases.LoginTest@479ceda0]" started-at="2023-10-14T11:03:28Z" name="loginTest" finished-at="2023-10-14T11:03:31Z" duration-ms="2469" status="PASS">
          <reporter-output>
          </reporter-output>
        </test-method> <!-- loginTest -->
        <test-method is-config="true" signature="tearDown()[pri:0, instance:TestCases.LoginTest@479ceda0]" started-at="2023-10-14T11:03:31Z" name="tearDown" finished-at="2023-10-14T11:03:31Z" duration-ms="802" status="PASS">
          <reporter-output>
          </reporter-output>
        </test-method> <!-- tearDown -->
      </class> <!-- TestCases.LoginTest -->
    </test> <!-- Test -->
  </suite> <!-- Suite -->
</testng-results>
